  [1m[35m (0.1ms)[0m  [1m[34mSELECT sqlite_version(*)[0m
  ↳ bin/rails:9
  [1m[35m (1.1ms)[0m  [1m[35mCREATE TABLE "schema_migrations" ("version" varchar NOT NULL PRIMARY KEY)[0m
  ↳ bin/rails:9
  [1m[35m (1.2ms)[0m  [1m[35mCREATE TABLE "ar_internal_metadata" ("key" varchar NOT NULL PRIMARY KEY, "value" varchar, "created_at" datetime NOT NULL, "updated_at" datetime NOT NULL)[0m
  ↳ bin/rails:9
  [1m[35m (0.1ms)[0m  [1m[34mSELECT "schema_migrations"."version" FROM "schema_migrations" ORDER BY "schema_migrations"."version" ASC[0m
  ↳ bin/rails:9
Migrating to CreatePractices (20211113083542)
  [1m[35m (0.1ms)[0m  [1m[36mbegin transaction[0m
  ↳ bin/rails:9
  [1m[35m (0.4ms)[0m  [1m[35mCREATE TABLE "practices" ("id" integer PRIMARY KEY AUTOINCREMENT NOT NULL, "json_data" text, "created_at" datetime NOT NULL, "updated_at" datetime NOT NULL)[0m
  ↳ db/migrate/20211113083542_create_practices.rb:3
  [1m[36mActiveRecord::SchemaMigration Create (0.2ms)[0m  [1m[32mINSERT INTO "schema_migrations" ("version") VALUES (?)[0m  [["version", "20211113083542"]]
  ↳ bin/rails:9
  [1m[35m (1.0ms)[0m  [1m[36mcommit transaction[0m
  ↳ bin/rails:9
  [1m[36mActiveRecord::InternalMetadata Load (0.2ms)[0m  [1m[34mSELECT  "ar_internal_metadata".* FROM "ar_internal_metadata" WHERE "ar_internal_metadata"."key" = ? LIMIT ?[0m  [["key", "environment"], ["LIMIT", 1]]
  ↳ bin/rails:9
  [1m[35m (0.1ms)[0m  [1m[36mbegin transaction[0m
  ↳ bin/rails:9
  [1m[36mActiveRecord::InternalMetadata Create (0.6ms)[0m  [1m[32mINSERT INTO "ar_internal_metadata" ("key", "value", "created_at", "updated_at") VALUES (?, ?, ?, ?)[0m  [["key", "environment"], ["value", "development"], ["created_at", "2021-11-29 15:55:54.297841"], ["updated_at", "2021-11-29 15:55:54.297841"]]
  ↳ bin/rails:9
  [1m[35m (1.2ms)[0m  [1m[36mcommit transaction[0m
  ↳ bin/rails:9
  [1m[35m (0.2ms)[0m  [1m[34mSELECT "schema_migrations"."version" FROM "schema_migrations" ORDER BY "schema_migrations"."version" ASC[0m
  ↳ bin/rails:9
Started GET "/" for ::1 at 2021-11-30 00:58:33 +0900
  [1m[35m (0.4ms)[0m  [1m[34mSELECT "schema_migrations"."version" FROM "schema_migrations" ORDER BY "schema_migrations"."version" ASC[0m
  ↳ /Users/junna/.rbenv/versions/2.6.3/lib/ruby/gems/2.6.0/gems/activerecord-5.2.6/lib/active_record/log_subscriber.rb:98
Processing by PracticesController#index as HTML
  Rendering practices/index.html.erb within layouts/application
  Rendered practices/index.html.erb within layouts/application (4034.3ms)
Completed 200 OK in 4279ms (Views: 4271.8ms | ActiveRecord: 0.0ms)


Started GET "/" for ::1 at 2021-11-30 01:14:11 +0900
  [1m[35m (0.6ms)[0m  [1m[34mSELECT "schema_migrations"."version" FROM "schema_migrations" ORDER BY "schema_migrations"."version" ASC[0m
  ↳ /Users/junna/.rbenv/versions/2.6.3/lib/ruby/gems/2.6.0/gems/activerecord-5.2.6/lib/active_record/log_subscriber.rb:98
Processing by PracticesController#index as HTML
  Rendering practices/index.html.erb within layouts/application
  Rendered practices/index.html.erb within layouts/application (972.9ms)
Completed 200 OK in 1129ms (Views: 1111.7ms | ActiveRecord: 0.0ms)


Started GET "/" for ::1 at 2021-11-30 01:14:35 +0900
Processing by PracticesController#index as HTML
  Rendering practices/index.html.erb within layouts/application
  Rendered practices/index.html.erb within layouts/application (13.6ms)
Completed 200 OK in 95ms (Views: 93.6ms | ActiveRecord: 0.0ms)


Started POST "/practices" for ::1 at 2021-11-30 01:14:44 +0900
Processing by PracticesController#create as HTML
  Parameters: {"json_data"=>"{\"attrs\":{\"width\":1396,\"height\":766,\"id\":\"stage\"},\"className\":\"Stage\",\"children\":[{\"attrs\":{\"id\":\"layer\"},\"className\":\"Layer\",\"children\":[{\"attrs\":{\"points\":[150,150,250,150,250,250,150,250],\"fill\":\"red\",\"stroke\":\"black\",\"strokeWidth\":4,\"closed\":true,\"draggable\":true,\"name\":\"rect\",\"id\":\"shape0\",\"eyelets\":[],\"x\":170,\"y\":-11},\"className\":\"Line\"},{\"attrs\":{\"x\":415,\"y\":233,\"radius\":50,\"fill\":\"orange\",\"stroke\":\"black\",\"strokeWidth\":4,\"draggable\":true,\"name\":\"circle\",\"id\":\"shape1\",\"eyelets\":[]},\"className\":\"Circle\"},{\"attrs\":{\"x\":303,\"y\":133,\"sides\":3,\"radius\":60,\"fill\":\"yellow\",\"stroke\":\"black\",\"strokeWidth\":4,\"draggable\":true,\"name\":\"rectangle\",\"id\":\"shape2\",\"eyelets\":[],\"offsetY\":-10},\"className\":\"RegularPolygon\"},{\"attrs\":{},\"className\":\"Transformer\"}]}]}"}
Can't verify CSRF token authenticity.
  [1m[35m (0.1ms)[0m  [1m[36mbegin transaction[0m
  ↳ app/controllers/practices_controller.rb:9
  [1m[36mPractice Create (13.1ms)[0m  [1m[32mINSERT INTO "practices" ("json_data", "created_at", "updated_at") VALUES (?, ?, ?)[0m  [["json_data", "{\"attrs\":{\"width\":1396,\"height\":766,\"id\":\"stage\"},\"className\":\"Stage\",\"children\":[{\"attrs\":{\"id\":\"layer\"},\"className\":\"Layer\",\"children\":[{\"attrs\":{\"points\":[150,150,250,150,250,250,150,250],\"fill\":\"red\",\"stroke\":\"black\",\"strokeWidth\":4,\"closed\":true,\"draggable\":true,\"name\":\"rect\",\"id\":\"shape0\",\"eyelets\":[],\"x\":170,\"y\":-11},\"className\":\"Line\"},{\"attrs\":{\"x\":415,\"y\":233,\"radius\":50,\"fill\":\"orange\",\"stroke\":\"black\",\"strokeWidth\":4,\"draggable\":true,\"name\":\"circle\",\"id\":\"shape1\",\"eyelets\":[]},\"className\":\"Circle\"},{\"attrs\":{\"x\":303,\"y\":133,\"sides\":3,\"radius\":60,\"fill\":\"yellow\",\"stroke\":\"black\",\"strokeWidth\":4,\"draggable\":true,\"name\":\"rectangle\",\"id\":\"shape2\",\"eyelets\":[],\"offsetY\":-10},\"className\":\"RegularPolygon\"},{\"attrs\":{},\"className\":\"Transformer\"}]}]}"], ["created_at", "2021-11-29 16:14:44.027401"], ["updated_at", "2021-11-29 16:14:44.027401"]]
  ↳ app/controllers/practices_controller.rb:9
  [1m[35m (7.8ms)[0m  [1m[36mcommit transaction[0m
  ↳ app/controllers/practices_controller.rb:9
Redirected to http://localhost:8000/practices/1
Completed 302 Found in 42ms (ActiveRecord: 21.7ms)


Started GET "/practices/1" for ::1 at 2021-11-30 01:14:44 +0900
Processing by PracticesController#show as HTML
  Parameters: {"id"=>"1"}
  [1m[36mPractice Load (0.2ms)[0m  [1m[34mSELECT  "practices".* FROM "practices" WHERE "practices"."id" = ? LIMIT ?[0m  [["id", 1], ["LIMIT", 1]]
  ↳ app/controllers/practices_controller.rb:15
  Rendering practices/show.html.erb within layouts/application
  Rendered practices/show.html.erb within layouts/application (13.7ms)
Completed 200 OK in 135ms (Views: 120.1ms | ActiveRecord: 0.2ms)


Started GET "/practices/1" for ::1 at 2021-11-30 01:32:04 +0900
Processing by PracticesController#show as HTML
  Parameters: {"id"=>"1"}
  [1m[36mPractice Load (1.2ms)[0m  [1m[34mSELECT  "practices".* FROM "practices" WHERE "practices"."id" = ? LIMIT ?[0m  [["id", 1], ["LIMIT", 1]]
  ↳ app/controllers/practices_controller.rb:15
  Rendering practices/show.html.erb within layouts/application
  Rendered practices/show.html.erb within layouts/application (16.2ms)
Completed 200 OK in 251ms (Views: 231.4ms | ActiveRecord: 1.2ms)


Started GET "/" for ::1 at 2021-11-30 01:32:12 +0900
Processing by PracticesController#index as HTML
  Rendering practices/index.html.erb within layouts/application
  Rendered practices/index.html.erb within layouts/application (28.6ms)
Completed 200 OK in 299ms (Views: 287.0ms | ActiveRecord: 0.0ms)


Started GET "/" for ::1 at 2021-11-30 01:37:45 +0900
Processing by PracticesController#index as HTML
  Rendering practices/index.html.erb within layouts/application
  Rendered practices/index.html.erb within layouts/application (15.3ms)
Completed 200 OK in 106ms (Views: 103.4ms | ActiveRecord: 0.0ms)


Started GET "/" for ::1 at 2021-11-30 01:37:53 +0900
Processing by PracticesController#index as HTML
  Rendering practices/index.html.erb within layouts/application
  Rendered practices/index.html.erb within layouts/application (14.0ms)
Completed 200 OK in 109ms (Views: 108.3ms | ActiveRecord: 0.0ms)


Started GET "/" for ::1 at 2021-11-30 01:38:01 +0900
Processing by PracticesController#index as HTML
  Rendering practices/index.html.erb within layouts/application
  Rendered practices/index.html.erb within layouts/application (6.6ms)
Completed 200 OK in 69ms (Views: 67.1ms | ActiveRecord: 0.0ms)


Started GET "/" for ::1 at 2021-11-30 02:18:07 +0900
Processing by PracticesController#index as HTML
  Rendering practices/index.html.erb within layouts/application
  Rendered practices/index.html.erb within layouts/application (25.1ms)
Completed 200 OK in 422ms (Views: 415.3ms | ActiveRecord: 0.0ms)


Started POST "/practices" for ::1 at 2021-11-30 02:18:14 +0900
Processing by PracticesController#create as HTML
  Parameters: {"json_data"=>"{\"attrs\":{\"width\":1396,\"height\":766,\"id\":\"stage\"},\"className\":\"Stage\",\"children\":[{\"attrs\":{\"id\":\"layer\"},\"className\":\"Layer\",\"children\":[{\"attrs\":{\"x\":200,\"y\":200,\"radiusX\":50,\"radiusY\":50,\"fill\":\"red\",\"stroke\":\"black\",\"strokeWidth\":4,\"draggable\":true,\"name\":\"circle\",\"id\":\"shape0\",\"eyelets\":[]},\"className\":\"Ellipse\"},{\"attrs\":{\"points\":[200,163.4,150,250,250,250],\"fill\":\"orange\",\"stroke\":\"black\",\"strokeWidth\":4,\"closed\":true,\"draggable\":true,\"name\":\"rect\",\"id\":\"shape1\",\"eyelets\":[],\"x\":80,\"y\":51},\"className\":\"Line\"},{\"attrs\":{\"points\":[150,150,250,150,250,250,150,250],\"fill\":\"yellow\",\"stroke\":\"black\",\"strokeWidth\":4,\"closed\":true,\"draggable\":true,\"name\":\"rect\",\"id\":\"shape2\",\"eyelets\":[],\"x\":154,\"y\":-12},\"className\":\"Line\"},{\"attrs\":{},\"className\":\"Transformer\"}]}]}"}
Can't verify CSRF token authenticity.
  [1m[35m (0.1ms)[0m  [1m[36mbegin transaction[0m
  ↳ app/controllers/practices_controller.rb:9
  [1m[36mPractice Create (5.0ms)[0m  [1m[32mINSERT INTO "practices" ("json_data", "created_at", "updated_at") VALUES (?, ?, ?)[0m  [["json_data", "{\"attrs\":{\"width\":1396,\"height\":766,\"id\":\"stage\"},\"className\":\"Stage\",\"children\":[{\"attrs\":{\"id\":\"layer\"},\"className\":\"Layer\",\"children\":[{\"attrs\":{\"x\":200,\"y\":200,\"radiusX\":50,\"radiusY\":50,\"fill\":\"red\",\"stroke\":\"black\",\"strokeWidth\":4,\"draggable\":true,\"name\":\"circle\",\"id\":\"shape0\",\"eyelets\":[]},\"className\":\"Ellipse\"},{\"attrs\":{\"points\":[200,163.4,150,250,250,250],\"fill\":\"orange\",\"stroke\":\"black\",\"strokeWidth\":4,\"closed\":true,\"draggable\":true,\"name\":\"rect\",\"id\":\"shape1\",\"eyelets\":[],\"x\":80,\"y\":51},\"className\":\"Line\"},{\"attrs\":{\"points\":[150,150,250,150,250,250,150,250],\"fill\":\"yellow\",\"stroke\":\"black\",\"strokeWidth\":4,\"closed\":true,\"draggable\":true,\"name\":\"rect\",\"id\":\"shape2\",\"eyelets\":[],\"x\":154,\"y\":-12},\"className\":\"Line\"},{\"attrs\":{},\"className\":\"Transformer\"}]}]}"], ["created_at", "2021-11-29 17:18:14.182945"], ["updated_at", "2021-11-29 17:18:14.182945"]]
  ↳ app/controllers/practices_controller.rb:9
  [1m[35m (0.9ms)[0m  [1m[36mcommit transaction[0m
  ↳ app/controllers/practices_controller.rb:9
Redirected to http://localhost:8000/practices/2
Completed 302 Found in 22ms (ActiveRecord: 6.1ms)


Started GET "/practices/2" for ::1 at 2021-11-30 02:18:14 +0900
Processing by PracticesController#show as HTML
  Parameters: {"id"=>"2"}
  [1m[36mPractice Load (0.2ms)[0m  [1m[34mSELECT  "practices".* FROM "practices" WHERE "practices"."id" = ? LIMIT ?[0m  [["id", 2], ["LIMIT", 1]]
  ↳ app/controllers/practices_controller.rb:15
  Rendering practices/show.html.erb within layouts/application
  Rendered practices/show.html.erb within layouts/application (334.8ms)
Completed 200 OK in 470ms (Views: 468.2ms | ActiveRecord: 0.2ms)


Started GET "/practices/2" for ::1 at 2021-11-30 02:20:13 +0900
Processing by PracticesController#show as HTML
  Parameters: {"id"=>"2"}
  [1m[36mPractice Load (0.3ms)[0m  [1m[34mSELECT  "practices".* FROM "practices" WHERE "practices"."id" = ? LIMIT ?[0m  [["id", 2], ["LIMIT", 1]]
  ↳ app/controllers/practices_controller.rb:15
  Rendering practices/show.html.erb within layouts/application
  Rendered practices/show.html.erb within layouts/application (25.4ms)
Completed 200 OK in 172ms (Views: 168.3ms | ActiveRecord: 0.3ms)


Started GET "/practices/2" for ::1 at 2021-11-30 02:28:33 +0900
Processing by PracticesController#show as HTML
  Parameters: {"id"=>"2"}
  [1m[36mPractice Load (0.6ms)[0m  [1m[34mSELECT  "practices".* FROM "practices" WHERE "practices"."id" = ? LIMIT ?[0m  [["id", 2], ["LIMIT", 1]]
  ↳ app/controllers/practices_controller.rb:15
  Rendering practices/show.html.erb within layouts/application
  Rendered practices/show.html.erb within layouts/application (569.1ms)
Completed 200 OK in 700ms (Views: 691.8ms | ActiveRecord: 0.6ms)


Started POST "/practices" for ::1 at 2021-11-30 02:28:50 +0900
Processing by PracticesController#create as HTML
  Parameters: {"json_data"=>"{\"attrs\":{\"width\":959,\"height\":766,\"id\":\"stage\"},\"className\":\"Stage\",\"children\":[{\"attrs\":{\"id\":\"layer\"},\"className\":\"Layer\",\"children\":[{\"attrs\":{\"points\":[150,150,250,150,250,250,150,250],\"fill\":\"yellow\",\"stroke\":\"black\",\"strokeWidth\":4,\"closed\":true,\"draggable\":true,\"name\":\"rect\",\"id\":\"shape2\",\"eyelets\":[],\"x\":113,\"y\":158},\"className\":\"Line\"},{\"attrs\":{\"points\":[150,150,250,150,250,250,150,250],\"fill\":\"orange\",\"stroke\":\"black\",\"strokeWidth\":4,\"closed\":true,\"draggable\":true,\"name\":\"rect\",\"id\":\"shape1\",\"eyelets\":[],\"x\":166,\"y\":78},\"className\":\"Line\"},{\"attrs\":{\"points\":[150,150,250,150,250,250,150,250],\"fill\":\"red\",\"stroke\":\"black\",\"strokeWidth\":4,\"closed\":true,\"draggable\":true,\"name\":\"rect\",\"id\":\"shape0\",\"eyelets\":[],\"x\":226,\"y\":9},\"className\":\"Line\"},{\"attrs\":{},\"className\":\"Transformer\"}]}]}"}
Can't verify CSRF token authenticity.
  [1m[35m (0.1ms)[0m  [1m[36mbegin transaction[0m
  ↳ app/controllers/practices_controller.rb:9
  [1m[36mPractice Create (5.1ms)[0m  [1m[32mINSERT INTO "practices" ("json_data", "created_at", "updated_at") VALUES (?, ?, ?)[0m  [["json_data", "{\"attrs\":{\"width\":959,\"height\":766,\"id\":\"stage\"},\"className\":\"Stage\",\"children\":[{\"attrs\":{\"id\":\"layer\"},\"className\":\"Layer\",\"children\":[{\"attrs\":{\"points\":[150,150,250,150,250,250,150,250],\"fill\":\"yellow\",\"stroke\":\"black\",\"strokeWidth\":4,\"closed\":true,\"draggable\":true,\"name\":\"rect\",\"id\":\"shape2\",\"eyelets\":[],\"x\":113,\"y\":158},\"className\":\"Line\"},{\"attrs\":{\"points\":[150,150,250,150,250,250,150,250],\"fill\":\"orange\",\"stroke\":\"black\",\"strokeWidth\":4,\"closed\":true,\"draggable\":true,\"name\":\"rect\",\"id\":\"shape1\",\"eyelets\":[],\"x\":166,\"y\":78},\"className\":\"Line\"},{\"attrs\":{\"points\":[150,150,250,150,250,250,150,250],\"fill\":\"red\",\"stroke\":\"black\",\"strokeWidth\":4,\"closed\":true,\"draggable\":true,\"name\":\"rect\",\"id\":\"shape0\",\"eyelets\":[],\"x\":226,\"y\":9},\"className\":\"Line\"},{\"attrs\":{},\"className\":\"Transformer\"}]}]}"], ["created_at", "2021-11-29 17:28:50.659919"], ["updated_at", "2021-11-29 17:28:50.659919"]]
  ↳ app/controllers/practices_controller.rb:9
  [1m[35m (3.9ms)[0m  [1m[36mcommit transaction[0m
  ↳ app/controllers/practices_controller.rb:9
Redirected to http://localhost:8000/practices/3
Completed 302 Found in 18ms (ActiveRecord: 9.1ms)


Started GET "/practices/3" for ::1 at 2021-11-30 02:28:50 +0900
Processing by PracticesController#show as HTML
  Parameters: {"id"=>"3"}
  [1m[36mPractice Load (0.2ms)[0m  [1m[34mSELECT  "practices".* FROM "practices" WHERE "practices"."id" = ? LIMIT ?[0m  [["id", 3], ["LIMIT", 1]]
  ↳ app/controllers/practices_controller.rb:15
  Rendering practices/show.html.erb within layouts/application
  Rendered practices/show.html.erb within layouts/application (7.9ms)
Completed 200 OK in 88ms (Views: 84.6ms | ActiveRecord: 0.2ms)


Started GET "/practices/3" for ::1 at 2021-11-30 02:29:15 +0900
Processing by PracticesController#show as HTML
  Parameters: {"id"=>"3"}
  [1m[36mPractice Load (0.2ms)[0m  [1m[34mSELECT  "practices".* FROM "practices" WHERE "practices"."id" = ? LIMIT ?[0m  [["id", 3], ["LIMIT", 1]]
  ↳ app/controllers/practices_controller.rb:15
  Rendering practices/show.html.erb within layouts/application
  Rendered practices/show.html.erb within layouts/application (18.0ms)
Completed 200 OK in 134ms (Views: 130.2ms | ActiveRecord: 0.2ms)


Started GET "/practices/3" for ::1 at 2021-11-30 02:30:07 +0900
Processing by PracticesController#show as HTML
  Parameters: {"id"=>"3"}
  [1m[36mPractice Load (0.1ms)[0m  [1m[34mSELECT  "practices".* FROM "practices" WHERE "practices"."id" = ? LIMIT ?[0m  [["id", 3], ["LIMIT", 1]]
  ↳ app/controllers/practices_controller.rb:15
  Rendering practices/show.html.erb within layouts/application
  Rendered practices/show.html.erb within layouts/application (10.6ms)
Completed 200 OK in 90ms (Views: 87.1ms | ActiveRecord: 0.1ms)


Started GET "/practices/3" for ::1 at 2021-11-30 02:30:35 +0900
Processing by PracticesController#show as HTML
  Parameters: {"id"=>"3"}
  [1m[36mPractice Load (0.2ms)[0m  [1m[34mSELECT  "practices".* FROM "practices" WHERE "practices"."id" = ? LIMIT ?[0m  [["id", 3], ["LIMIT", 1]]
  ↳ app/controllers/practices_controller.rb:15
  Rendering practices/show.html.erb within layouts/application
  Rendered practices/show.html.erb within layouts/application (25.1ms)
Completed 200 OK in 107ms (Views: 105.0ms | ActiveRecord: 0.2ms)


Started GET "/practices/3" for ::1 at 2021-11-30 02:31:12 +0900
Processing by PracticesController#show as HTML
  Parameters: {"id"=>"3"}
  [1m[36mPractice Load (0.2ms)[0m  [1m[34mSELECT  "practices".* FROM "practices" WHERE "practices"."id" = ? LIMIT ?[0m  [["id", 3], ["LIMIT", 1]]
  ↳ app/controllers/practices_controller.rb:15
  Rendering practices/show.html.erb within layouts/application
  Rendered practices/show.html.erb within layouts/application (20.6ms)
Completed 200 OK in 91ms (Views: 87.2ms | ActiveRecord: 0.2ms)


Started GET "/practices/3" for ::1 at 2021-11-30 02:31:47 +0900
Processing by PracticesController#show as HTML
  Parameters: {"id"=>"3"}
  [1m[36mPractice Load (0.4ms)[0m  [1m[34mSELECT  "practices".* FROM "practices" WHERE "practices"."id" = ? LIMIT ?[0m  [["id", 3], ["LIMIT", 1]]
  ↳ app/controllers/practices_controller.rb:15
  Rendering practices/show.html.erb within layouts/application
  Rendered practices/show.html.erb within layouts/application (18.1ms)
Completed 200 OK in 119ms (Views: 114.6ms | ActiveRecord: 0.4ms)


Started GET "/practices/3" for ::1 at 2021-11-30 02:33:20 +0900
Processing by PracticesController#show as HTML
  Parameters: {"id"=>"3"}
  [1m[36mPractice Load (0.2ms)[0m  [1m[34mSELECT  "practices".* FROM "practices" WHERE "practices"."id" = ? LIMIT ?[0m  [["id", 3], ["LIMIT", 1]]
  ↳ app/controllers/practices_controller.rb:15
  Rendering practices/show.html.erb within layouts/application
  Rendered practices/show.html.erb within layouts/application (14.8ms)
Completed 200 OK in 104ms (Views: 101.1ms | ActiveRecord: 0.2ms)


Started GET "/practices/3" for ::1 at 2021-11-30 02:33:21 +0900
Processing by PracticesController#show as HTML
  Parameters: {"id"=>"3"}
  [1m[36mPractice Load (1.8ms)[0m  [1m[34mSELECT  "practices".* FROM "practices" WHERE "practices"."id" = ? LIMIT ?[0m  [["id", 3], ["LIMIT", 1]]
  ↳ app/controllers/practices_controller.rb:15
  Rendering practices/show.html.erb within layouts/application
  Rendered practices/show.html.erb within layouts/application (7.7ms)
Completed 200 OK in 79ms (Views: 74.3ms | ActiveRecord: 1.8ms)


Started GET "/practices/3" for ::1 at 2021-11-30 02:34:58 +0900
Processing by PracticesController#show as HTML
  Parameters: {"id"=>"3"}
  [1m[36mPractice Load (0.2ms)[0m  [1m[34mSELECT  "practices".* FROM "practices" WHERE "practices"."id" = ? LIMIT ?[0m  [["id", 3], ["LIMIT", 1]]
  ↳ app/controllers/practices_controller.rb:15
  Rendering practices/show.html.erb within layouts/application
  Rendered practices/show.html.erb within layouts/application (16.9ms)
Completed 200 OK in 103ms (Views: 101.1ms | ActiveRecord: 0.2ms)


Started GET "/practices/3" for ::1 at 2021-11-30 02:35:12 +0900
Processing by PracticesController#show as HTML
  Parameters: {"id"=>"3"}
  [1m[36mPractice Load (0.3ms)[0m  [1m[34mSELECT  "practices".* FROM "practices" WHERE "practices"."id" = ? LIMIT ?[0m  [["id", 3], ["LIMIT", 1]]
  ↳ app/controllers/practices_controller.rb:15
  Rendering practices/show.html.erb within layouts/application
  Rendered practices/show.html.erb within layouts/application (21.6ms)
Completed 200 OK in 85ms (Views: 83.1ms | ActiveRecord: 0.3ms)


Started GET "/practices/3" for ::1 at 2021-11-30 02:37:42 +0900
Processing by PracticesController#show as HTML
  Parameters: {"id"=>"3"}
  [1m[36mPractice Load (0.1ms)[0m  [1m[34mSELECT  "practices".* FROM "practices" WHERE "practices"."id" = ? LIMIT ?[0m  [["id", 3], ["LIMIT", 1]]
  ↳ app/controllers/practices_controller.rb:15
  Rendering practices/show.html.erb within layouts/application
  Rendered practices/show.html.erb within layouts/application (16.5ms)
Completed 200 OK in 101ms (Views: 98.4ms | ActiveRecord: 0.1ms)


Started GET "/practices/3" for ::1 at 2021-11-30 02:39:48 +0900
Processing by PracticesController#show as HTML
  Parameters: {"id"=>"3"}
  [1m[36mPractice Load (0.3ms)[0m  [1m[34mSELECT  "practices".* FROM "practices" WHERE "practices"."id" = ? LIMIT ?[0m  [["id", 3], ["LIMIT", 1]]
  ↳ app/controllers/practices_controller.rb:15
  Rendering practices/show.html.erb within layouts/application
  Rendered practices/show.html.erb within layouts/application (18.1ms)
Completed 200 OK in 135ms (Views: 131.2ms | ActiveRecord: 0.3ms)


Started GET "/practices/3" for ::1 at 2021-11-30 02:40:01 +0900
Processing by PracticesController#show as HTML
  Parameters: {"id"=>"3"}
  [1m[36mPractice Load (0.2ms)[0m  [1m[34mSELECT  "practices".* FROM "practices" WHERE "practices"."id" = ? LIMIT ?[0m  [["id", 3], ["LIMIT", 1]]
  ↳ app/controllers/practices_controller.rb:15
  Rendering practices/show.html.erb within layouts/application
  Rendered practices/show.html.erb within layouts/application (24.1ms)
Completed 200 OK in 93ms (Views: 90.5ms | ActiveRecord: 0.2ms)


Started GET "/practices/3" for ::1 at 2021-11-30 02:40:13 +0900
Processing by PracticesController#show as HTML
  Parameters: {"id"=>"3"}
  [1m[36mPractice Load (0.3ms)[0m  [1m[34mSELECT  "practices".* FROM "practices" WHERE "practices"."id" = ? LIMIT ?[0m  [["id", 3], ["LIMIT", 1]]
  ↳ app/controllers/practices_controller.rb:15
  Rendering practices/show.html.erb within layouts/application
  Rendered practices/show.html.erb within layouts/application (17.9ms)
Completed 200 OK in 116ms (Views: 112.2ms | ActiveRecord: 0.3ms)


Started GET "/practices/3" for ::1 at 2021-11-30 02:49:00 +0900
Processing by PracticesController#show as HTML
  Parameters: {"id"=>"3"}
  [1m[36mPractice Load (0.5ms)[0m  [1m[34mSELECT  "practices".* FROM "practices" WHERE "practices"."id" = ? LIMIT ?[0m  [["id", 3], ["LIMIT", 1]]
  ↳ app/controllers/practices_controller.rb:15
  Rendering practices/show.html.erb within layouts/application
  Rendered practices/show.html.erb within layouts/application (42.0ms)
Completed 200 OK in 162ms (Views: 156.0ms | ActiveRecord: 0.5ms)


Started GET "/practices/3" for ::1 at 2021-11-30 02:52:24 +0900
Processing by PracticesController#show as HTML
  Parameters: {"id"=>"3"}
  [1m[36mPractice Load (1.0ms)[0m  [1m[34mSELECT  "practices".* FROM "practices" WHERE "practices"."id" = ? LIMIT ?[0m  [["id", 3], ["LIMIT", 1]]
  ↳ app/controllers/practices_controller.rb:15
  Rendering practices/show.html.erb within layouts/application
  Rendered practices/show.html.erb within layouts/application (31.9ms)
Completed 200 OK in 140ms (Views: 126.8ms | ActiveRecord: 1.0ms)


Started GET "/practices/3" for ::1 at 2021-11-30 02:52:54 +0900
Processing by PracticesController#show as HTML
  Parameters: {"id"=>"3"}
  [1m[36mPractice Load (0.2ms)[0m  [1m[34mSELECT  "practices".* FROM "practices" WHERE "practices"."id" = ? LIMIT ?[0m  [["id", 3], ["LIMIT", 1]]
  ↳ app/controllers/practices_controller.rb:15
  Rendering practices/show.html.erb within layouts/application
  Rendered practices/show.html.erb within layouts/application (17.9ms)
Completed 200 OK in 132ms (Views: 127.0ms | ActiveRecord: 0.2ms)


Started GET "/practices/3" for ::1 at 2021-11-30 02:53:09 +0900
Processing by PracticesController#show as HTML
  Parameters: {"id"=>"3"}
  [1m[36mPractice Load (0.2ms)[0m  [1m[34mSELECT  "practices".* FROM "practices" WHERE "practices"."id" = ? LIMIT ?[0m  [["id", 3], ["LIMIT", 1]]
  ↳ app/controllers/practices_controller.rb:15
  Rendering practices/show.html.erb within layouts/application
  Rendered practices/show.html.erb within layouts/application (19.6ms)
Completed 200 OK in 93ms (Views: 90.9ms | ActiveRecord: 0.2ms)


Started GET "/practices/3" for ::1 at 2021-11-30 02:54:19 +0900
Processing by PracticesController#show as HTML
  Parameters: {"id"=>"3"}
  [1m[36mPractice Load (0.2ms)[0m  [1m[34mSELECT  "practices".* FROM "practices" WHERE "practices"."id" = ? LIMIT ?[0m  [["id", 3], ["LIMIT", 1]]
  ↳ app/controllers/practices_controller.rb:15
  Rendering practices/show.html.erb within layouts/application
  Rendered practices/show.html.erb within layouts/application (18.6ms)
Completed 200 OK in 117ms (Views: 114.0ms | ActiveRecord: 0.2ms)


Started GET "/practices/3" for ::1 at 2021-11-30 02:56:21 +0900
Processing by PracticesController#show as HTML
  Parameters: {"id"=>"3"}
  [1m[36mPractice Load (0.3ms)[0m  [1m[34mSELECT  "practices".* FROM "practices" WHERE "practices"."id" = ? LIMIT ?[0m  [["id", 3], ["LIMIT", 1]]
  ↳ app/controllers/practices_controller.rb:15
  Rendering practices/show.html.erb within layouts/application
  Rendered practices/show.html.erb within layouts/application (20.9ms)
Completed 200 OK in 119ms (Views: 115.4ms | ActiveRecord: 0.3ms)


Started GET "/practices/3" for ::1 at 2021-11-30 02:58:53 +0900
Processing by PracticesController#show as HTML
  Parameters: {"id"=>"3"}
  [1m[36mPractice Load (0.1ms)[0m  [1m[34mSELECT  "practices".* FROM "practices" WHERE "practices"."id" = ? LIMIT ?[0m  [["id", 3], ["LIMIT", 1]]
  ↳ app/controllers/practices_controller.rb:15
  Rendering practices/show.html.erb within layouts/application
  Rendered practices/show.html.erb within layouts/application (15.3ms)
Completed 200 OK in 125ms (Views: 119.4ms | ActiveRecord: 0.1ms)


Started GET "/practices/3" for ::1 at 2021-11-30 02:59:36 +0900
Processing by PracticesController#show as HTML
  Parameters: {"id"=>"3"}
  [1m[36mPractice Load (0.1ms)[0m  [1m[34mSELECT  "practices".* FROM "practices" WHERE "practices"."id" = ? LIMIT ?[0m  [["id", 3], ["LIMIT", 1]]
  ↳ app/controllers/practices_controller.rb:15
  Rendering practices/show.html.erb within layouts/application
  Rendered practices/show.html.erb within layouts/application (22.7ms)
Completed 200 OK in 106ms (Views: 104.4ms | ActiveRecord: 0.1ms)


Started GET "/practices/3" for ::1 at 2021-11-30 03:00:48 +0900
Processing by PracticesController#show as HTML
  Parameters: {"id"=>"3"}
  [1m[36mPractice Load (0.6ms)[0m  [1m[34mSELECT  "practices".* FROM "practices" WHERE "practices"."id" = ? LIMIT ?[0m  [["id", 3], ["LIMIT", 1]]
  ↳ app/controllers/practices_controller.rb:15
  Rendering practices/show.html.erb within layouts/application
  Rendered practices/show.html.erb within layouts/application (21.2ms)
Completed 200 OK in 95ms (Views: 91.4ms | ActiveRecord: 0.6ms)


Started GET "/practices/3" for ::1 at 2021-11-30 03:02:23 +0900
Processing by PracticesController#show as HTML
  Parameters: {"id"=>"3"}
  [1m[36mPractice Load (0.3ms)[0m  [1m[34mSELECT  "practices".* FROM "practices" WHERE "practices"."id" = ? LIMIT ?[0m  [["id", 3], ["LIMIT", 1]]
  ↳ app/controllers/practices_controller.rb:15
  Rendering practices/show.html.erb within layouts/application
  Rendered practices/show.html.erb within layouts/application (18.1ms)
Completed 200 OK in 98ms (Views: 95.2ms | ActiveRecord: 0.3ms)


Started GET "/practices/3" for ::1 at 2021-11-30 03:03:21 +0900
Processing by PracticesController#show as HTML
  Parameters: {"id"=>"3"}
  [1m[36mPractice Load (0.2ms)[0m  [1m[34mSELECT  "practices".* FROM "practices" WHERE "practices"."id" = ? LIMIT ?[0m  [["id", 3], ["LIMIT", 1]]
  ↳ app/controllers/practices_controller.rb:15
  Rendering practices/show.html.erb within layouts/application
  Rendered practices/show.html.erb within layouts/application (28.0ms)
Completed 200 OK in 153ms (Views: 149.5ms | ActiveRecord: 0.2ms)


Started GET "/practices/3" for ::1 at 2021-11-30 03:03:38 +0900
Processing by PracticesController#show as HTML
  Parameters: {"id"=>"3"}
  [1m[36mPractice Load (0.3ms)[0m  [1m[34mSELECT  "practices".* FROM "practices" WHERE "practices"."id" = ? LIMIT ?[0m  [["id", 3], ["LIMIT", 1]]
  ↳ app/controllers/practices_controller.rb:15
  Rendering practices/show.html.erb within layouts/application
  Rendered practices/show.html.erb within layouts/application (49.3ms)
Completed 200 OK in 133ms (Views: 129.8ms | ActiveRecord: 0.3ms)


Started GET "/practices/3" for ::1 at 2021-11-30 03:04:42 +0900
Processing by PracticesController#show as HTML
  Parameters: {"id"=>"3"}
  [1m[36mPractice Load (0.1ms)[0m  [1m[34mSELECT  "practices".* FROM "practices" WHERE "practices"."id" = ? LIMIT ?[0m  [["id", 3], ["LIMIT", 1]]
  ↳ app/controllers/practices_controller.rb:15
  Rendering practices/show.html.erb within layouts/application
  Rendered practices/show.html.erb within layouts/application (21.7ms)
Completed 200 OK in 117ms (Views: 114.8ms | ActiveRecord: 0.1ms)


Started GET "/practices/3" for ::1 at 2021-11-30 03:05:34 +0900
Processing by PracticesController#show as HTML
  Parameters: {"id"=>"3"}
  [1m[36mPractice Load (0.1ms)[0m  [1m[34mSELECT  "practices".* FROM "practices" WHERE "practices"."id" = ? LIMIT ?[0m  [["id", 3], ["LIMIT", 1]]
  ↳ app/controllers/practices_controller.rb:15
  Rendering practices/show.html.erb within layouts/application
  Rendered practices/show.html.erb within layouts/application (25.4ms)
Completed 200 OK in 99ms (Views: 96.6ms | ActiveRecord: 0.1ms)


Started GET "/practices/3" for ::1 at 2021-11-30 03:09:22 +0900
Processing by PracticesController#show as HTML
  Parameters: {"id"=>"3"}
  [1m[36mPractice Load (0.6ms)[0m  [1m[34mSELECT  "practices".* FROM "practices" WHERE "practices"."id" = ? LIMIT ?[0m  [["id", 3], ["LIMIT", 1]]
  ↳ app/controllers/practices_controller.rb:15
  Rendering practices/show.html.erb within layouts/application
  Rendered practices/show.html.erb within layouts/application (38.1ms)
Completed 200 OK in 318ms (Views: 293.2ms | ActiveRecord: 0.6ms)


Started GET "/practices/3" for ::1 at 2021-11-30 03:09:26 +0900
Processing by PracticesController#show as HTML
  Parameters: {"id"=>"3"}
  [1m[36mPractice Load (0.3ms)[0m  [1m[34mSELECT  "practices".* FROM "practices" WHERE "practices"."id" = ? LIMIT ?[0m  [["id", 3], ["LIMIT", 1]]
  ↳ app/controllers/practices_controller.rb:15
  Rendering practices/show.html.erb within layouts/application
  Rendered practices/show.html.erb within layouts/application (9.6ms)
Completed 200 OK in 74ms (Views: 71.3ms | ActiveRecord: 0.3ms)


Started GET "/practices/3" for ::1 at 2021-11-30 03:10:24 +0900
Processing by PracticesController#show as HTML
  Parameters: {"id"=>"3"}
  [1m[36mPractice Load (0.2ms)[0m  [1m[34mSELECT  "practices".* FROM "practices" WHERE "practices"."id" = ? LIMIT ?[0m  [["id", 3], ["LIMIT", 1]]
  ↳ app/controllers/practices_controller.rb:15
  Rendering practices/show.html.erb within layouts/application
  Rendered practices/show.html.erb within layouts/application (22.2ms)
Completed 200 OK in 123ms (Views: 118.8ms | ActiveRecord: 0.2ms)


Started GET "/practices/3" for ::1 at 2021-11-30 03:14:03 +0900
Processing by PracticesController#show as HTML
  Parameters: {"id"=>"3"}
  [1m[36mPractice Load (0.2ms)[0m  [1m[34mSELECT  "practices".* FROM "practices" WHERE "practices"."id" = ? LIMIT ?[0m  [["id", 3], ["LIMIT", 1]]
  ↳ app/controllers/practices_controller.rb:15
  Rendering practices/show.html.erb within layouts/application
  Rendered practices/show.html.erb within layouts/application (15.5ms)
Completed 200 OK in 150ms (Views: 146.7ms | ActiveRecord: 0.2ms)


Started GET "/practices/3" for ::1 at 2021-11-30 03:15:14 +0900
Processing by PracticesController#show as HTML
  Parameters: {"id"=>"3"}
  [1m[36mPractice Load (0.4ms)[0m  [1m[34mSELECT  "practices".* FROM "practices" WHERE "practices"."id" = ? LIMIT ?[0m  [["id", 3], ["LIMIT", 1]]
  ↳ app/controllers/practices_controller.rb:15
  Rendering practices/show.html.erb within layouts/application
  Rendered practices/show.html.erb within layouts/application (29.7ms)
Completed 200 OK in 127ms (Views: 124.1ms | ActiveRecord: 0.4ms)


Started GET "/practices/3" for ::1 at 2021-11-30 03:15:27 +0900
Processing by PracticesController#show as HTML
  Parameters: {"id"=>"3"}
  [1m[36mPractice Load (0.2ms)[0m  [1m[34mSELECT  "practices".* FROM "practices" WHERE "practices"."id" = ? LIMIT ?[0m  [["id", 3], ["LIMIT", 1]]
  ↳ app/controllers/practices_controller.rb:15
  Rendering practices/show.html.erb within layouts/application
  Rendered practices/show.html.erb within layouts/application (22.3ms)
Completed 200 OK in 102ms (Views: 99.2ms | ActiveRecord: 0.2ms)


Started GET "/practices/3" for ::1 at 2021-11-30 03:16:11 +0900
Processing by PracticesController#show as HTML
  Parameters: {"id"=>"3"}
  [1m[36mPractice Load (0.2ms)[0m  [1m[34mSELECT  "practices".* FROM "practices" WHERE "practices"."id" = ? LIMIT ?[0m  [["id", 3], ["LIMIT", 1]]
  ↳ app/controllers/practices_controller.rb:15
  Rendering practices/show.html.erb within layouts/application
  Rendered practices/show.html.erb within layouts/application (20.7ms)
Completed 200 OK in 95ms (Views: 91.0ms | ActiveRecord: 0.2ms)


Started POST "/practices" for ::1 at 2021-11-30 03:16:34 +0900
Processing by PracticesController#create as HTML
  Parameters: {"json_data"=>"{\"attrs\":{\"width\":959,\"height\":766,\"id\":\"stage\"},\"className\":\"Stage\",\"children\":[{\"attrs\":{\"id\":\"layer\"},\"className\":\"Layer\",\"children\":[{\"attrs\":{\"points\":[200,163.4,150,250,250,250],\"fill\":\"red\",\"stroke\":\"black\",\"strokeWidth\":4,\"closed\":true,\"draggable\":true,\"name\":\"rect\",\"id\":\"shape0\",\"eyelets\":[]},\"className\":\"Line\"},{\"attrs\":{\"points\":[150,150,250,150,250,250,150,250],\"fill\":\"orange\",\"stroke\":\"black\",\"strokeWidth\":4,\"closed\":true,\"draggable\":true,\"name\":\"rect\",\"id\":\"shape1\",\"eyelets\":[],\"x\":46,\"y\":50},\"className\":\"Line\"},{\"attrs\":{},\"className\":\"Transformer\"}]}]}"}
Can't verify CSRF token authenticity.
  [1m[35m (0.2ms)[0m  [1m[36mbegin transaction[0m
  ↳ app/controllers/practices_controller.rb:9
  [1m[36mPractice Create (1.0ms)[0m  [1m[32mINSERT INTO "practices" ("json_data", "created_at", "updated_at") VALUES (?, ?, ?)[0m  [["json_data", "{\"attrs\":{\"width\":959,\"height\":766,\"id\":\"stage\"},\"className\":\"Stage\",\"children\":[{\"attrs\":{\"id\":\"layer\"},\"className\":\"Layer\",\"children\":[{\"attrs\":{\"points\":[200,163.4,150,250,250,250],\"fill\":\"red\",\"stroke\":\"black\",\"strokeWidth\":4,\"closed\":true,\"draggable\":true,\"name\":\"rect\",\"id\":\"shape0\",\"eyelets\":[]},\"className\":\"Line\"},{\"attrs\":{\"points\":[150,150,250,150,250,250,150,250],\"fill\":\"orange\",\"stroke\":\"black\",\"strokeWidth\":4,\"closed\":true,\"draggable\":true,\"name\":\"rect\",\"id\":\"shape1\",\"eyelets\":[],\"x\":46,\"y\":50},\"className\":\"Line\"},{\"attrs\":{},\"className\":\"Transformer\"}]}]}"], ["created_at", "2021-11-29 18:16:34.182412"], ["updated_at", "2021-11-29 18:16:34.182412"]]
  ↳ app/controllers/practices_controller.rb:9
  [1m[35m (8.5ms)[0m  [1m[36mcommit transaction[0m
  ↳ app/controllers/practices_controller.rb:9
Redirected to http://localhost:8000/practices/4
Completed 302 Found in 21ms (ActiveRecord: 9.6ms)


Started GET "/practices/4" for ::1 at 2021-11-30 03:16:34 +0900
Processing by PracticesController#show as HTML
  Parameters: {"id"=>"4"}
  [1m[36mPractice Load (0.2ms)[0m  [1m[34mSELECT  "practices".* FROM "practices" WHERE "practices"."id" = ? LIMIT ?[0m  [["id", 4], ["LIMIT", 1]]
  ↳ app/controllers/practices_controller.rb:15
  Rendering practices/show.html.erb within layouts/application
  Rendered practices/show.html.erb within layouts/application (12.5ms)
Completed 200 OK in 110ms (Views: 104.1ms | ActiveRecord: 0.2ms)


Started POST "/practices" for ::1 at 2021-11-30 03:16:41 +0900
Processing by PracticesController#create as HTML
  Parameters: {"json_data"=>"{\"attrs\":{\"width\":959,\"height\":766,\"id\":\"stage\"},\"className\":\"Stage\",\"children\":[{\"attrs\":{\"id\":\"layer\"},\"className\":\"Layer\",\"children\":[{\"attrs\":{\"points\":[200,163.4,150,250,250,250],\"fill\":\"red\",\"stroke\":\"black\",\"strokeWidth\":4,\"closed\":true,\"draggable\":true,\"name\":\"rect\",\"id\":\"shape0\",\"eyelets\":[]},\"className\":\"Line\"},{\"attrs\":{\"points\":[150,150,250,150,250,250,150,250],\"fill\":\"orange\",\"stroke\":\"black\",\"strokeWidth\":4,\"closed\":true,\"draggable\":true,\"name\":\"rect\",\"id\":\"shape1\",\"eyelets\":[],\"x\":46,\"y\":50},\"className\":\"Line\"},{\"attrs\":{\"x\":201,\"y\":271,\"radiusX\":50,\"radiusY\":50,\"fill\":\"yellow\",\"stroke\":\"black\",\"strokeWidth\":4,\"draggable\":true,\"name\":\"circle\",\"id\":\"shape2\",\"eyelets\":[]},\"className\":\"Ellipse\"},{\"attrs\":{},\"className\":\"Transformer\"}]}]}"}
Can't verify CSRF token authenticity.
  [1m[35m (0.1ms)[0m  [1m[36mbegin transaction[0m
  ↳ app/controllers/practices_controller.rb:9
  [1m[36mPractice Create (0.7ms)[0m  [1m[32mINSERT INTO "practices" ("json_data", "created_at", "updated_at") VALUES (?, ?, ?)[0m  [["json_data", "{\"attrs\":{\"width\":959,\"height\":766,\"id\":\"stage\"},\"className\":\"Stage\",\"children\":[{\"attrs\":{\"id\":\"layer\"},\"className\":\"Layer\",\"children\":[{\"attrs\":{\"points\":[200,163.4,150,250,250,250],\"fill\":\"red\",\"stroke\":\"black\",\"strokeWidth\":4,\"closed\":true,\"draggable\":true,\"name\":\"rect\",\"id\":\"shape0\",\"eyelets\":[]},\"className\":\"Line\"},{\"attrs\":{\"points\":[150,150,250,150,250,250,150,250],\"fill\":\"orange\",\"stroke\":\"black\",\"strokeWidth\":4,\"closed\":true,\"draggable\":true,\"name\":\"rect\",\"id\":\"shape1\",\"eyelets\":[],\"x\":46,\"y\":50},\"className\":\"Line\"},{\"attrs\":{\"x\":201,\"y\":271,\"radiusX\":50,\"radiusY\":50,\"fill\":\"yellow\",\"stroke\":\"black\",\"strokeWidth\":4,\"draggable\":true,\"name\":\"circle\",\"id\":\"shape2\",\"eyelets\":[]},\"className\":\"Ellipse\"},{\"attrs\":{},\"className\":\"Transformer\"}]}]}"], ["created_at", "2021-11-29 18:16:41.284708"], ["updated_at", "2021-11-29 18:16:41.284708"]]
  ↳ app/controllers/practices_controller.rb:9
  [1m[35m (1.0ms)[0m  [1m[36mcommit transaction[0m
  ↳ app/controllers/practices_controller.rb:9
Redirected to http://localhost:8000/practices/5
Completed 302 Found in 11ms (ActiveRecord: 1.8ms)


Started GET "/practices/5" for ::1 at 2021-11-30 03:16:41 +0900
Processing by PracticesController#show as HTML
  Parameters: {"id"=>"5"}
  [1m[36mPractice Load (0.2ms)[0m  [1m[34mSELECT  "practices".* FROM "practices" WHERE "practices"."id" = ? LIMIT ?[0m  [["id", 5], ["LIMIT", 1]]
  ↳ app/controllers/practices_controller.rb:15
  Rendering practices/show.html.erb within layouts/application
  Rendered practices/show.html.erb within layouts/application (14.3ms)
Completed 200 OK in 106ms (Views: 101.6ms | ActiveRecord: 0.2ms)


